2024-07-01 18:59:34,834 - State: [0, 0, 0, 0], Action: 1, Reward: 0, Next State: [0, 0, 0, 0]
2024-07-01 18:59:34,854 - State: [0, 0, 0, 0], Action: 1, Reward: 0, Next State: [0, 0, 0, 0]
2024-07-01 18:59:34,876 - State: [0, 0, 0, 0], Action: 0, Reward: 0, Next State: [0, 0, 0, 0]
2024-07-01 18:59:34,884 - State: [0, 0, 0, 0], Action: 1, Reward: 0, Next State: [0, 0, 0, 0]
2024-07-01 18:59:34,898 - State: [0, 0, 0, 0], Action: 0, Reward: 0, Next State: [0, 0, 0, 0]
2024-07-01 18:59:34,898 - State: [0, 0, 0, 0], Action: 0, Reward: 0, Next State: [0, 0, 0, 0]
2024-07-01 18:59:34,898 - State: [0, 0, 0, 0], Action: 0, Reward: 0, Next State: [0, 0, 0, 0]
2024-07-01 18:59:34,958 - State: [0, 0, 0, 0], Action: 0, Reward: 0, Next State: [0, 0, 0, 0]
2024-07-01 18:59:35,023 - State: [0, 0, 0, 0], Action: 0, Reward: 0, Next State: [0, 0, 0, 0]
2024-07-01 18:59:35,089 - State: [0, 0, 0, 0], Action: 0, Reward: 0, Next State: [0, 0, 0, 0]
2024-07-01 18:59:35,090 - State: [0, 0, 0, 0], Action: 0, Reward: 0, Next State: [0, 0, 0, 0]
2024-07-01 18:59:35,151 - State: [0, 0, 0, 0], Action: 0, Reward: 0, Next State: [0, 0, 0, 0]
2024-07-01 18:59:35,182 - State: [0, 0, 0, 0], Action: 1, Reward: 0, Next State: [0, 0, 0, 0]
2024-07-01 18:59:35,183 - State: [0, 0, 0, 0], Action: 0, Reward: 0, Next State: [0, 0, 0, 0]
2024-07-01 18:59:35,183 - State: [0, 0, 0, 0], Action: 0, Reward: 0, Next State: [0, 0, 0, 0]
2024-07-01 18:59:35,183 - State: [0, 0, 0, 0], Action: 0, Reward: 0, Next State: [0, 0, 0, 0]
2024-07-01 18:59:35,214 - State: [0, 0, 0, 0], Action: 1, Reward: 0, Next State: [0, 0, 0, 0]
2024-07-01 18:59:35,216 - State: [0, 0, 0, 0], Action: 0, Reward: 0, Next State: [0, 0, 0, 0]
2024-07-01 18:59:35,314 - State: [0, 0, 0, 0], Action: 0, Reward: 0, Next State: [0, 0, 0, 0]
2024-07-01 18:59:35,315 - State: [0, 0, 0, 0], Action: 1, Reward: 0, Next State: [0, 0, 0, 0]
2024-07-01 18:59:35,375 - State: [0, 0, 0, 0], Action: 1, Reward: 0, Next State: [0, 0, 0, 0]
2024-07-01 18:59:35,375 - State: [0, 0, 0, 0], Action: 1, Reward: 0, Next State: [0, 0, 0, 0]
2024-07-01 18:59:35,375 - State: [0, 0, 0, 0], Action: 0, Reward: 0, Next State: [0, 0, 0, 0]
2024-07-01 18:59:35,376 - State: [0, 0, 0, 0], Action: 1, Reward: 0, Next State: [0, 0, 0, 0]
2024-07-01 18:59:35,376 - State: [0, 0, 0, 0], Action: 1, Reward: 0, Next State: [0, 0, 0, 0]
2024-07-01 18:59:35,376 - State: [0, 0, 0, 0], Action: 1, Reward: 0, Next State: [0, 0, 0, 0]
2024-07-01 18:59:35,409 - State: [0, 0, 0, 0], Action: 0, Reward: 0, Next State: [0, 0, 0, 0]
2024-07-01 18:59:35,409 - State: [0, 0, 0, 0], Action: 1, Reward: 0, Next State: [0, 0, 0, 0]
2024-07-01 18:59:35,409 - State: [0, 0, 0, 0], Action: 0, Reward: 0, Next State: [0, 0, 0, 0]
2024-07-01 18:59:35,411 - State: [0, 0, 0, 0], Action: 1, Reward: 0, Next State: [0, 0, 0, 0]
2024-07-01 18:59:35,412 - State: [0, 0, 0, 0], Action: 1, Reward: 0, Next State: [0, 0, 0, 0]
2024-07-01 18:59:35,413 - State: [0, 0, 0, 0], Action: 1, Reward: 0, Next State: [0, 0, 0, 0]
2024-07-01 18:59:35,413 - State: [0, 0, 0, 0], Action: 1, Reward: 0, Next State: [0, 0, 0, 0]
2024-07-01 18:59:35,487 - State: [0, 0, 0, 0], Action: 0, Reward: 0, Next State: [0, 0, 0, 0]
2024-07-01 18:59:35,557 - State: [0, 0, 0, 0], Action: 1, Reward: 0, Next State: [0, 0, 0, 0]
2024-07-01 18:59:35,619 - State: [0, 0, 0, 0], Action: 0, Reward: 0, Next State: [0, 0, 0, 0]
2024-07-01 18:59:35,685 - State: [0, 0, 0, 0], Action: 0, Reward: 0, Next State: [0, 0, 0, 0]
2024-07-01 18:59:35,750 - State: [0, 0, 0, 0], Action: 1, Reward: 0, Next State: [0, 0, 0, 0]
2024-07-01 18:59:35,815 - State: [0, 0, 0, 0], Action: 1, Reward: 0, Next State: [0, 0, 0, 0]
2024-07-01 18:59:35,872 - State: [0, 0, 0, 0], Action: 0, Reward: 0, Next State: [0, 0, 0, 0]
2024-07-01 18:59:35,939 - State: [0, 0, 0, 0], Action: 1, Reward: 0, Next State: [0, 0, 0, 0]
2024-07-01 18:59:35,998 - State: [0, 0, 0, 0], Action: 0, Reward: 0, Next State: [0, 0, 0, 0]
2024-07-01 18:59:36,059 - State: [0, 0, 0, 0], Action: 1, Reward: 0, Next State: [0, 0, 0, 0]
2024-07-01 18:59:36,118 - State: [0, 0, 0, 0], Action: 0, Reward: 0, Next State: [0, 0, 0, 0]
2024-07-01 18:59:36,176 - State: [0, 0, 0, 0], Action: 1, Reward: 0, Next State: [0, 0, 0, 0]
2024-07-01 18:59:36,233 - State: [0, 0, 0, 0], Action: 0, Reward: 0, Next State: [0, 0, 0, 0]
2024-07-01 18:59:36,289 - State: [0, 0, 0, 0], Action: 0, Reward: 0, Next State: [0, 0, 0, 0]
2024-07-01 18:59:36,347 - State: [0, 0, 0, 0], Action: 0, Reward: 0, Next State: [0, 0, 0, 0]
2024-07-01 18:59:36,401 - State: [0, 0, 0, 0], Action: 0, Reward: 0, Next State: [0, 0, 0, 0]
2024-07-01 18:59:36,459 - State: [0, 0, 0, 0], Action: 1, Reward: 0, Next State: [0, 0, 0, 0]
2024-07-01 18:59:36,514 - State: [0, 0, 0, 0], Action: 1, Reward: 0, Next State: [0, 0, 0, 0]
2024-07-01 18:59:36,583 - State: [0, 0, 0, 0], Action: 0, Reward: 0, Next State: [0, 0, 0, 0]
2024-07-01 18:59:36,652 - State: [0, 0, 0, 0], Action: 1, Reward: 0, Next State: [0, 0, 0, 0]
2024-07-01 18:59:36,722 - State: [0, 0, 0, 0], Action: 0, Reward: 0, Next State: [0, 0, 0, 0]
2024-07-01 18:59:36,792 - State: [0, 0, 0, 0], Action: 1, Reward: 0, Next State: [0, 0, 0, 0]
2024-07-01 18:59:36,861 - State: [0, 0, 0, 0], Action: 0, Reward: 0, Next State: [0, 0, 0, 0]
2024-07-01 18:59:36,932 - State: [0, 0, 0, 0], Action: 0, Reward: 0, Next State: [0, 0, 0, 0]
2024-07-01 18:59:37,016 - State: [0, 0, 0, 0], Action: 1, Reward: 0, Next State: [0, 0, 0, 0]
2024-07-01 18:59:37,080 - State: [0, 0, 0, 0], Action: 1, Reward: 0, Next State: [0, 0, 0, 0]
2024-07-01 18:59:37,135 - State: [0, 0, 0, 0], Action: 0, Reward: 0, Next State: [0, 0, 0, 0]
2024-07-01 18:59:37,191 - State: [0, 0, 0, 0], Action: 1, Reward: 0, Next State: [0, 0, 0, 0]
2024-07-01 18:59:37,245 - State: [0, 0, 0, 0], Action: 1, Reward: 0, Next State: [0, 0, 0, 0]
2024-07-01 18:59:37,299 - State: [0, 0, 0, 0], Action: 0, Reward: 0, Next State: [0, 0, 0, 0]
2024-07-01 18:59:37,352 - State: [0, 0, 0, 0], Action: 0, Reward: 0, Next State: [0, 0, 0, 0]
2024-07-01 18:59:37,411 - State: [0, 0, 0, 0], Action: 1, Reward: 0, Next State: [0, 0, 0, 0]
2024-07-01 18:59:37,468 - State: [0, 0, 0, 0], Action: 1, Reward: 0, Next State: [0, 0, 0, 0]
2024-07-01 18:59:37,522 - State: [0, 0, 0, 0], Action: 1, Reward: 0, Next State: [0, 0, 0, 0]
2024-07-01 18:59:37,581 - State: [0, 0, 0, 0], Action: 0, Reward: 0, Next State: [0, 0, 0, 0]
2024-07-01 18:59:37,637 - State: [0, 0, 0, 0], Action: 1, Reward: 0, Next State: [0, 0, 0, 0]
2024-07-01 18:59:37,692 - State: [0, 0, 0, 0], Action: 1, Reward: 0, Next State: [0, 0, 0, 0]
2024-07-01 18:59:37,740 - State: [0, 0, 0, 0], Action: 0, Reward: 0, Next State: [0, 0, 0, 0]
2024-07-01 18:59:37,782 - State: [0, 0, 0, 0], Action: 0, Reward: 0, Next State: [0, 0, 0, 0]
2024-07-01 18:59:37,828 - State: [0, 0, 0, 0], Action: 1, Reward: 0, Next State: [0, 0, 0, 0]
2024-07-01 18:59:37,870 - State: [0, 0, 0, 0], Action: 0, Reward: 0, Next State: [0, 0, 0, 0]
2024-07-01 18:59:37,915 - State: [0, 0, 0, 0], Action: 0, Reward: 0, Next State: [0, 0, 0, 0]
2024-07-01 18:59:37,957 - State: [0, 0, 0, 0], Action: 1, Reward: 0, Next State: [0, 0, 0, 0]
2024-07-01 18:59:38,001 - State: [0, 0, 0, 0], Action: 0, Reward: 0, Next State: [0, 0, 0, 0]
2024-07-01 18:59:38,048 - State: [0, 0, 0, 0], Action: 0, Reward: 0, Next State: [0, 0, 0, 0]
2024-07-01 18:59:38,090 - State: [0, 0, 0, 0], Action: 1, Reward: 0, Next State: [0, 0, 0, 0]
2024-07-01 18:59:38,135 - State: [0, 0, 0, 0], Action: 1, Reward: 0, Next State: [0, 0, 0, 0]
2024-07-01 18:59:38,179 - State: [0, 0, 0, 0], Action: 1, Reward: 0, Next State: [0, 0, 0, 0]
2024-07-01 18:59:38,224 - State: [0, 0, 0, 0], Action: 0, Reward: 0, Next State: [0, 0, 0, 0]
2024-07-01 18:59:38,267 - State: [0, 0, 0, 0], Action: 0, Reward: 0, Next State: [0, 0, 0, 0]
2024-07-01 18:59:38,310 - State: [0, 0, 0, 0], Action: 1, Reward: 0, Next State: [0, 0, 0, 0]
2024-07-01 18:59:38,363 - State: [0, 0, 0, 0], Action: 1, Reward: 0, Next State: [0, 0, 0, 0]
2024-07-01 18:59:38,407 - State: [0, 0, 0, 0], Action: 1, Reward: 0, Next State: [0, 0, 0, 0]
2024-07-01 18:59:38,462 - State: [0, 0, 0, 0], Action: 1, Reward: 0, Next State: [0, 0, 0, 0]
2024-07-01 18:59:38,504 - State: [0, 0, 0, 0], Action: 1, Reward: 0, Next State: [0, 0, 0, 0]
2024-07-01 18:59:38,573 - State: [0, 0, 0, 0], Action: 1, Reward: 0, Next State: [0, 0, 0, 0]
2024-07-01 18:59:38,639 - State: [0, 0, 0, 0], Action: 1, Reward: 0, Next State: [0, 0, 0, 0]
2024-07-01 18:59:38,685 - State: [0, 0, 0, 0], Action: 0, Reward: 0, Next State: [0, 0, 0, 0]
2024-07-01 18:59:38,727 - State: [0, 0, 0, 0], Action: 1, Reward: 0, Next State: [0, 0, 0, 0]
2024-07-01 18:59:38,773 - State: [0, 0, 0, 0], Action: 1, Reward: 0, Next State: [0, 0, 0, 0]
2024-07-01 18:59:38,816 - State: [0, 0, 0, 0], Action: 1, Reward: 0, Next State: [0, 0, 0, 0]
2024-07-01 18:59:38,865 - State: [0, 0, 0, 0], Action: 1, Reward: 0, Next State: [0, 0, 0, 0]
2024-07-01 18:59:38,907 - State: [0, 0, 0, 0], Action: 1, Reward: 0, Next State: [0, 0, 0, 0]
2024-07-01 18:59:38,952 - State: [0, 0, 0, 0], Action: 0, Reward: 0, Next State: [0, 0, 0, 0]
2024-07-01 18:59:38,998 - State: [0, 0, 0, 0], Action: 1, Reward: 0, Next State: [0, 0, 0, 0]
2024-07-01 18:59:39,043 - State: [0, 0, 0, 0], Action: 1, Reward: 0, Next State: [0, 0, 0, 0]
2024-07-01 18:59:39,086 - State: [0, 0, 0, 0], Action: 0, Reward: 0, Next State: [0, 0, 0, 0]
2024-07-01 18:59:39,130 - State: [0, 0, 0, 0], Action: 0, Reward: 0, Next State: [0, 0, 0, 0]
2024-07-01 18:59:39,171 - State: [0, 0, 0, 0], Action: 1, Reward: 0, Next State: [0, 0, 0, 0]
2024-07-01 18:59:39,212 - State: [0, 0, 0, 0], Action: 1, Reward: 0, Next State: [0, 0, 0, 0]
2024-07-01 18:59:39,256 - State: [0, 0, 0, 0], Action: 0, Reward: 0, Next State: [0, 0, 0, 0]
2024-07-01 18:59:39,298 - State: [0, 0, 0, 0], Action: 1, Reward: 0, Next State: [0, 0, 0, 0]
2024-07-01 18:59:39,341 - State: [0, 0, 0, 0], Action: 0, Reward: 0, Next State: [0, 0, 0, 0]
2024-07-01 18:59:39,384 - State: [0, 0, 0, 0], Action: 0, Reward: 0, Next State: [0, 0, 0, 0]
2024-07-01 18:59:39,427 - State: [0, 0, 0, 0], Action: 1, Reward: 0, Next State: [0, 0, 0, 0]
2024-07-01 18:59:39,490 - State: [0, 0, 0, 0], Action: 1, Reward: 0, Next State: [0, 0, 0, 0]
2024-07-01 18:59:39,546 - State: [0, 0, 0, 0], Action: 0, Reward: 0, Next State: [0, 0, 0, 0]
2024-07-01 18:59:39,592 - State: [0, 0, 0, 0], Action: 0, Reward: 0, Next State: [0, 0, 0, 0]
2024-07-01 18:59:39,641 - State: [0, 0, 0, 0], Action: 0, Reward: 0, Next State: [0, 0, 0, 0]
2024-07-01 18:59:39,697 - State: [0, 0, 0, 0], Action: 0, Reward: 0, Next State: [0, 0, 0, 0]
2024-07-01 18:59:39,752 - State: [0, 0, 0, 0], Action: 1, Reward: 0, Next State: [0, 0, 0, 0]
2024-07-01 18:59:39,804 - State: [0, 0, 0, 0], Action: 1, Reward: 0, Next State: [0, 0, 0, 0]
2024-07-01 18:59:39,849 - State: [0, 0, 0, 0], Action: 0, Reward: 0, Next State: [0, 0, 0, 0]
2024-07-01 18:59:39,899 - State: [0, 0, 0, 0], Action: 1, Reward: 0, Next State: [0, 0, 0, 0]
2024-07-01 18:59:39,965 - State: [0, 0, 0, 0], Action: 1, Reward: 0, Next State: [0, 0, 0, 0]
2024-07-01 18:59:40,033 - State: [0, 0, 0, 0], Action: 0, Reward: 0, Next State: [0, 0, 0, 0]
2024-07-01 18:59:40,099 - State: [0, 0, 0, 0], Action: 0, Reward: 0, Next State: [0, 0, 0, 0]
2024-07-01 18:59:40,146 - State: [0, 0, 0, 0], Action: 0, Reward: 0, Next State: [0, 0, 0, 0]
2024-07-01 18:59:40,197 - State: [0, 0, 0, 0], Action: 1, Reward: 0, Next State: [0, 0, 0, 0]
2024-07-01 18:59:40,241 - State: [0, 0, 0, 0], Action: 1, Reward: 0, Next State: [0, 0, 0, 0]
2024-07-01 18:59:40,284 - State: [0, 0, 0, 0], Action: 1, Reward: 0, Next State: [0, 0, 0, 0]
2024-07-01 18:59:40,328 - State: [0, 0, 0, 0], Action: 0, Reward: 0, Next State: [0, 0, 0, 0]
2024-07-01 18:59:40,369 - State: [0, 0, 0, 0], Action: 1, Reward: 0, Next State: [0, 0, 0, 0]
2024-07-01 18:59:40,410 - State: [0, 0, 0, 0], Action: 1, Reward: 0, Next State: [0, 0, 0, 0]
2024-07-01 18:59:40,462 - State: [0, 0, 0, 0], Action: 0, Reward: 0, Next State: [0, 0, 0, 0]
2024-07-01 18:59:40,509 - State: [0, 0, 0, 0], Action: 1, Reward: 0, Next State: [0, 0, 0, 0]
2024-07-01 18:59:40,555 - State: [0, 0, 0, 0], Action: 1, Reward: 0, Next State: [0, 0, 0, 0]
2024-07-01 18:59:40,599 - State: [0, 0, 0, 0], Action: 1, Reward: 0, Next State: [0, 0, 0, 0]
2024-07-01 18:59:40,644 - State: [0, 0, 0, 0], Action: 1, Reward: 0, Next State: [0, 0, 0, 0]
2024-07-01 18:59:40,686 - State: [0, 0, 0, 0], Action: 0, Reward: 0, Next State: [0, 0, 0, 0]
2024-07-01 18:59:40,732 - State: [0, 0, 0, 0], Action: 1, Reward: 0, Next State: [0, 0, 0, 0]
2024-07-01 18:59:40,775 - State: [0, 0, 0, 0], Action: 1, Reward: 0, Next State: [0, 0, 0, 0]
2024-07-01 18:59:40,819 - State: [0, 0, 0, 0], Action: 0, Reward: 0, Next State: [0, 0, 0, 0]
2024-07-01 18:59:40,861 - State: [0, 0, 0, 0], Action: 0, Reward: 0, Next State: [0, 0, 0, 0]
2024-07-01 18:59:40,904 - State: [0, 0, 0, 0], Action: 1, Reward: 0, Next State: [0, 0, 0, 0]
2024-07-01 18:59:40,951 - State: [0, 0, 0, 0], Action: 0, Reward: 0, Next State: [0, 0, 0, 0]
2024-07-01 18:59:40,994 - State: [0, 0, 0, 0], Action: 1, Reward: 0, Next State: [0, 0, 0, 0]
2024-07-01 18:59:41,037 - State: [0, 0, 0, 0], Action: 0, Reward: 0, Next State: [0, 0, 0, 0]
2024-07-01 18:59:41,082 - State: [0, 0, 0, 0], Action: 1, Reward: 0, Next State: [0, 0, 0, 0]
2024-07-01 18:59:41,125 - State: [0, 0, 0, 0], Action: 1, Reward: 0, Next State: [0, 0, 0, 0]
2024-07-01 18:59:41,168 - State: [0, 0, 0, 0], Action: 1, Reward: 0, Next State: [0, 0, 0, 0]
2024-07-01 18:59:41,219 - State: [0, 0, 0, 0], Action: 0, Reward: 0, Next State: [0, 0, 0, 0]
2024-07-01 18:59:41,264 - State: [0, 0, 0, 0], Action: 1, Reward: 0, Next State: [0, 0, 0, 0]
2024-07-01 18:59:41,306 - State: [0, 0, 0, 0], Action: 1, Reward: 0, Next State: [0, 0, 0, 0]
2024-07-01 18:59:41,347 - State: [0, 0, 0, 0], Action: 1, Reward: 0, Next State: [0, 0, 0, 0]
2024-07-01 18:59:41,396 - State: [0, 0, 0, 0], Action: 1, Reward: 0, Next State: [0, 0, 0, 0]
2024-07-01 18:59:41,437 - State: [0, 0, 0, 0], Action: 1, Reward: 0, Next State: [0, 0, 0, 0]
2024-07-01 18:59:41,484 - State: [0, 0, 0, 0], Action: 1, Reward: 0, Next State: [0, 0, 0, 0]
2024-07-01 18:59:41,527 - State: [0, 0, 0, 0], Action: 0, Reward: 0, Next State: [0, 0, 0, 0]
2024-07-01 18:59:41,575 - State: [0, 0, 0, 0], Action: 1, Reward: 0, Next State: [0, 0, 0, 0]
2024-07-01 18:59:41,615 - State: [0, 0, 0, 0], Action: 0, Reward: 0, Next State: [0, 0, 0, 0]
2024-07-01 18:59:41,661 - State: [0, 0, 0, 0], Action: 0, Reward: 0, Next State: [0, 0, 0, 0]
2024-07-01 18:59:41,703 - State: [0, 0, 0, 0], Action: 0, Reward: 0, Next State: [0, 0, 0, 0]
2024-07-01 18:59:41,747 - State: [0, 0, 0, 0], Action: 1, Reward: 0, Next State: [0, 0, 0, 0]
2024-07-01 18:59:41,790 - State: [0, 0, 0, 0], Action: 1, Reward: 0, Next State: [0, 0, 0, 0]
2024-07-01 18:59:41,832 - State: [0, 0, 0, 0], Action: 1, Reward: 0, Next State: [0, 0, 0, 0]
2024-07-01 18:59:41,876 - State: [0, 0, 0, 0], Action: 1, Reward: 0, Next State: [0, 0, 0, 0]
2024-07-01 18:59:41,920 - State: [0, 0, 0, 0], Action: 1, Reward: 0, Next State: [0, 0, 0, 0]
2024-07-01 18:59:41,966 - State: [0, 0, 0, 0], Action: 0, Reward: 0, Next State: [0, 0, 0, 0]
2024-07-01 18:59:42,012 - State: [0, 0, 0, 0], Action: 1, Reward: 0, Next State: [0, 0, 0, 0]
2024-07-01 18:59:42,056 - State: [0, 0, 0, 0], Action: 1, Reward: 0, Next State: [0, 0, 0, 0]
2024-07-01 18:59:42,101 - State: [0, 0, 0, 0], Action: 0, Reward: 0, Next State: [0, 0, 0, 0]
2024-07-01 18:59:42,148 - State: [0, 0, 0, 0], Action: 1, Reward: 0, Next State: [0, 0, 0, 0]
2024-07-01 18:59:42,193 - State: [0, 0, 0, 0], Action: 1, Reward: 0, Next State: [0, 0, 0, 0]
2024-07-01 18:59:42,237 - State: [0, 0, 0, 0], Action: 0, Reward: 0, Next State: [0, 0, 0, 0]
2024-07-01 18:59:42,284 - State: [0, 0, 0, 0], Action: 0, Reward: 0, Next State: [0, 0, 0, 0]
2024-07-01 18:59:42,331 - State: [0, 0, 0, 0], Action: 1, Reward: 0, Next State: [0, 0, 0, 0]
2024-07-01 18:59:42,374 - State: [0, 0, 0, 0], Action: 1, Reward: 0, Next State: [0, 0, 0, 0]
2024-07-01 18:59:42,421 - State: [0, 0, 0, 0], Action: 1, Reward: 0, Next State: [0, 0, 0, 0]
2024-07-01 18:59:42,465 - State: [0, 0, 0, 0], Action: 1, Reward: 0, Next State: [0, 0, 0, 0]
2024-07-01 18:59:42,512 - State: [0, 0, 0, 0], Action: 1, Reward: 0, Next State: [0, 0, 0, 0]
2024-07-01 18:59:42,564 - State: [0, 0, 0, 0], Action: 1, Reward: 0, Next State: [0, 0, 0, 0]
2024-07-01 18:59:42,611 - State: [0, 0, 0, 0], Action: 1, Reward: 0, Next State: [0, 0, 0, 0]
2024-07-01 18:59:42,655 - State: [0, 0, 0, 0], Action: 1, Reward: 0, Next State: [0, 0, 0, 0]
2024-07-01 18:59:42,701 - State: [0, 0, 0, 0], Action: 1, Reward: 0, Next State: [0, 0, 0, 0]
2024-07-01 18:59:42,745 - State: [0, 0, 0, 0], Action: 0, Reward: 0, Next State: [0, 0, 0, 0]
2024-07-01 18:59:42,791 - State: [0, 0, 0, 0], Action: 0, Reward: 0, Next State: [0, 0, 0, 0]
2024-07-01 18:59:42,834 - State: [0, 0, 0, 0], Action: 1, Reward: 0, Next State: [0, 0, 0, 0]
2024-07-01 18:59:42,879 - State: [0, 0, 0, 0], Action: 1, Reward: 0, Next State: [0, 0, 0, 0]
2024-07-01 18:59:42,922 - State: [0, 0, 0, 0], Action: 1, Reward: 0, Next State: [0, 0, 0, 0]
2024-07-01 18:59:42,967 - State: [0, 0, 0, 0], Action: 1, Reward: 0, Next State: [0, 0, 0, 0]
2024-07-01 18:59:43,011 - State: [0, 0, 0, 0], Action: 0, Reward: 0, Next State: [0, 0, 0, 0]
2024-07-01 18:59:43,056 - State: [0, 0, 0, 0], Action: 0, Reward: 0, Next State: [0, 0, 0, 0]
2024-07-01 18:59:43,099 - State: [0, 0, 0, 0], Action: 1, Reward: 0, Next State: [0, 0, 0, 0]
2024-07-01 18:59:43,143 - State: [0, 0, 0, 0], Action: 0, Reward: 0, Next State: [0, 0, 0, 0]
2024-07-01 18:59:43,186 - State: [0, 0, 0, 0], Action: 1, Reward: 0, Next State: [0, 0, 0, 0]
2024-07-01 18:59:43,227 - State: [0, 0, 0, 0], Action: 1, Reward: 0, Next State: [0, 0, 0, 0]
2024-07-01 18:59:43,271 - State: [0, 0, 0, 0], Action: 1, Reward: 0, Next State: [0, 0, 0, 0]
2024-07-01 18:59:43,313 - State: [0, 0, 0, 0], Action: 1, Reward: 0, Next State: [0, 0, 0, 0]
2024-07-01 18:59:43,355 - State: [0, 0, 0, 0], Action: 1, Reward: 0, Next State: [0, 0, 0, 0]
2024-07-01 18:59:43,399 - State: [0, 0, 0, 0], Action: 1, Reward: 0, Next State: [0, 0, 0, 0]
2024-07-01 18:59:43,443 - State: [0, 0, 0, 0], Action: 1, Reward: 0, Next State: [0, 0, 0, 0]
2024-07-01 18:59:43,498 - State: [0, 0, 0, 0], Action: 1, Reward: 0, Next State: [0, 0, 0, 0]
2024-07-01 18:59:43,543 - State: [0, 0, 0, 0], Action: 1, Reward: 0, Next State: [0, 0, 0, 0]
2024-07-01 18:59:43,588 - State: [0, 0, 0, 0], Action: 1, Reward: 0, Next State: [0, 0, 0, 0]
2024-07-01 18:59:43,629 - State: [0, 0, 0, 0], Action: 0, Reward: 0, Next State: [0, 0, 0, 0]
2024-07-01 18:59:43,672 - State: [0, 0, 0, 0], Action: 1, Reward: 0, Next State: [0, 0, 0, 0]
2024-07-01 18:59:43,718 - State: [0, 0, 0, 0], Action: 1, Reward: 0, Next State: [0, 0, 0, 0]
2024-07-01 18:59:43,762 - State: [0, 0, 0, 0], Action: 1, Reward: 0, Next State: [0, 0, 0, 0]
2024-07-01 18:59:43,807 - State: [0, 0, 0, 0], Action: 1, Reward: 0, Next State: [0, 0, 0, 0]
2024-07-01 18:59:43,848 - State: [0, 0, 0, 0], Action: 1, Reward: 0, Next State: [0, 0, 0, 0]
2024-07-01 18:59:43,891 - State: [0, 0, 0, 0], Action: 1, Reward: 0, Next State: [0, 0, 0, 0]
2024-07-01 18:59:43,934 - State: [0, 0, 0, 0], Action: 1, Reward: 0, Next State: [0, 0, 0, 0]
2024-07-01 18:59:43,976 - State: [0, 0, 0, 0], Action: 1, Reward: 0, Next State: [0, 0, 0, 0]
2024-07-01 18:59:44,020 - State: [0, 0, 0, 0], Action: 1, Reward: 0, Next State: [0, 0, 0, 0]
2024-07-01 18:59:44,066 - State: [0, 0, 0, 0], Action: 1, Reward: 0, Next State: [0, 0, 0, 0]
2024-07-01 18:59:44,109 - State: [0, 0, 0, 0], Action: 1, Reward: 0, Next State: [0, 0, 0, 0]
2024-07-01 18:59:44,155 - State: [0, 0, 0, 0], Action: 1, Reward: 0, Next State: [0, 0, 0, 0]
2024-07-01 18:59:44,198 - State: [0, 0, 0, 0], Action: 1, Reward: 0, Next State: [0, 0, 0, 0]
2024-07-01 18:59:44,243 - State: [0, 0, 0, 0], Action: 1, Reward: 0, Next State: [0, 0, 0, 0]
2024-07-01 18:59:44,286 - State: [0, 0, 0, 0], Action: 0, Reward: 0, Next State: [0, 0, 0, 0]
2024-07-01 18:59:44,327 - State: [0, 0, 0, 0], Action: 1, Reward: 0, Next State: [0, 0, 0, 0]
2024-07-01 18:59:44,371 - State: [0, 0, 0, 0], Action: 1, Reward: 0, Next State: [0, 0, 0, 0]
2024-07-01 18:59:44,413 - State: [0, 0, 0, 0], Action: 1, Reward: 0, Next State: [0, 0, 0, 0]
2024-07-01 18:59:44,454 - State: [0, 0, 0, 0], Action: 1, Reward: 0, Next State: [0, 0, 0, 0]
2024-07-01 18:59:44,499 - State: [0, 0, 0, 0], Action: 1, Reward: 0, Next State: [0, 0, 0, 0]
2024-07-01 18:59:44,541 - State: [0, 0, 0, 0], Action: 1, Reward: 0, Next State: [0, 0, 0, 0]
2024-07-01 18:59:44,584 - State: [0, 0, 0, 0], Action: 1, Reward: 0, Next State: [0, 0, 0, 0]
2024-07-01 18:59:46,031 - State: [0, 0, 0, 0], Action: 1, Reward: 0, Next State: [0, 0, 0, 0]
2024-07-01 18:59:46,543 - State: [0, 0, 0, 0], Action: 1, Reward: 0, Next State: [0, 0, 0, 0]
2024-07-01 18:59:46,593 - State: [0, 0, 0, 0], Action: 1, Reward: 0, Next State: [0, 0, 0, 0]
2024-07-01 18:59:46,637 - State: [0, 0, 0, 0], Action: 1, Reward: 0, Next State: [0, 0, 0, 0]
2024-07-01 18:59:46,800 - State: [0, 0, 0, 0], Action: 1, Reward: 0, Next State: [0, 0, 0, 0]
2024-07-01 18:59:47,312 - State: [0, 0, 0, 0], Action: 1, Reward: 0, Next State: [0, 0, 0, 0]
2024-07-01 18:59:47,361 - State: [0, 0, 0, 0], Action: 1, Reward: 0, Next State: [0, 0, 0, 0]
2024-07-01 18:59:47,404 - State: [0, 0, 0, 0], Action: 1, Reward: 0, Next State: [0, 0, 0, 0]
2024-07-01 18:59:47,450 - State: [0, 0, 0, 0], Action: 1, Reward: 0, Next State: [0, 0, 0, 0]
2024-07-01 18:59:47,494 - State: [0, 0, 0, 0], Action: 0, Reward: 0, Next State: [0, 0, 0, 0]
2024-07-01 18:59:47,566 - State: [0, 0, 0, 0], Action: 0, Reward: 0, Next State: [0, 0, 0, 0]
2024-07-01 18:59:47,625 - State: [0, 0, 0, 0], Action: 1, Reward: 0, Next State: [0, 0, 0, 0]
2024-07-01 18:59:47,824 - State: [0, 0, 0, 0], Action: 1, Reward: 0, Next State: [0, 0, 0, 0]
2024-07-01 18:59:47,932 - State: [0, 0, 0, 0], Action: 1, Reward: 0, Next State: [0, 0, 0, 0]
2024-07-01 18:59:47,986 - State: [0, 0, 0, 0], Action: 1, Reward: 0, Next State: [0, 0, 0, 0]
2024-07-01 18:59:48,079 - State: [0, 0, 0, 0], Action: 1, Reward: 0, Next State: [0, 0, 0, 0]
2024-07-01 18:59:48,136 - State: [0, 0, 0, 0], Action: 1, Reward: 0, Next State: [0, 0, 0, 0]
2024-07-01 18:59:48,185 - State: [0, 0, 0, 0], Action: 1, Reward: 0, Next State: [0, 0, 0, 0]
2024-07-01 18:59:48,227 - State: [0, 0, 0, 0], Action: 0, Reward: 0, Next State: [0, 0, 0, 0]
2024-07-01 18:59:48,335 - State: [0, 0, 0, 0], Action: 1, Reward: 0, Next State: [0, 0, 0, 0]
2024-07-01 18:59:48,390 - State: [0, 0, 0, 0], Action: 1, Reward: 0, Next State: [0, 0, 0, 0]
2024-07-01 18:59:48,438 - State: [0, 0, 0, 0], Action: 1, Reward: 0, Next State: [0, 0, 0, 0]
2024-07-01 18:59:48,482 - State: [0, 0, 0, 0], Action: 1, Reward: 0, Next State: [0, 0, 0, 0]
2024-07-01 18:59:48,592 - State: [0, 0, 0, 0], Action: 1, Reward: 0, Next State: [0, 0, 0, 0]
2024-07-01 18:59:48,848 - State: [0, 0, 0, 0], Action: 0, Reward: 0, Next State: [0, 0, 0, 0]
2024-07-01 18:59:48,912 - State: [0, 0, 0, 0], Action: 1, Reward: 0, Next State: [0, 0, 0, 0]
2024-07-01 18:59:49,103 - State: [0, 0, 0, 0], Action: 1, Reward: 0, Next State: [0, 0, 0, 0]
2024-07-01 18:59:49,360 - State: [0, 0, 0, 0], Action: 1, Reward: 0, Next State: [0, 0, 0, 0]
2024-07-01 18:59:50,671 - State: [0, 0, 0, 0], Action: 0, Reward: 0, Next State: [0, 0, 0, 0]
2024-07-01 18:59:50,741 - State: [0, 0, 0, 0], Action: 1, Reward: 0, Next State: [0, 0, 0, 0]
2024-07-01 18:59:50,991 - State: [0, 0, 0, 0], Action: 1, Reward: 0, Next State: [0, 0, 0, 0]
2024-07-01 18:59:51,316 - State: [0, 0, 0, 0], Action: 1, Reward: 0, Next State: [0, 0, 0, 0]
2024-07-01 18:59:51,389 - State: [0, 0, 0, 0], Action: 1, Reward: 0, Next State: [0, 0, 0, 0]
2024-07-01 18:59:51,502 - State: [0, 0, 0, 0], Action: 1, Reward: 0, Next State: [0, 0, 0, 0]
2024-07-01 18:59:51,551 - State: [0, 0, 0, 0], Action: 1, Reward: 0, Next State: [0, 0, 0, 0]
2024-07-01 18:59:51,596 - State: [0, 0, 0, 0], Action: 1, Reward: 0, Next State: [0, 0, 0, 0]
2024-07-01 19:00:00,110 - State: [0, 0, 0, 0], Action: 1, Reward: 0, Next State: [0, 0, 0, 0]
2024-07-01 19:00:00,624 - State: [0, 0, 0, 0], Action: 1, Reward: 0, Next State: [0, 0, 0, 0]
2024-07-01 19:00:00,880 - State: [0, 0, 0, 0], Action: 0, Reward: 0, Next State: [0, 0, 0, 0]
2024-07-01 19:00:01,648 - State: [0, 0, 0, 0], Action: 1, Reward: 0, Next State: [0, 0, 0, 0]
2024-07-01 19:00:01,904 - State: [0, 0, 0, 0], Action: 1, Reward: 0, Next State: [0, 0, 0, 0]
2024-07-01 19:00:02,415 - State: [0, 0, 0, 0], Action: 1, Reward: 0, Next State: [0, 0, 0, 0]
2024-07-01 19:00:02,493 - State: [0, 0, 0, 0], Action: 1, Reward: 0, Next State: [0, 0, 0, 0]
2024-07-01 19:00:02,673 - State: [0, 0, 0, 0], Action: 1, Reward: 0, Next State: [0, 0, 0, 0]
2024-07-01 19:00:02,734 - State: [0, 0, 0, 0], Action: 1, Reward: 0, Next State: [0, 0, 0, 0]
2024-07-01 19:00:03,185 - State: [0, 0, 0, 0], Action: 1, Reward: 0, Next State: [0, 0, 0, 0]
2024-07-01 19:00:03,440 - State: [0, 0, 0, 0], Action: 0, Reward: 0, Next State: [0, 0, 0, 0]
2024-07-01 19:00:03,697 - State: [0, 0, 0, 0], Action: 1, Reward: 0, Next State: [0, 0, 0, 0]
2024-07-01 19:00:03,822 - State: [0, 0, 0, 0], Action: 1, Reward: 0, Next State: [0, 0, 0, 0]
2024-07-01 19:00:03,951 - State: [0, 0, 0, 0], Action: 1, Reward: 0, Next State: [0, 0, 0, 0]
2024-07-01 19:00:04,465 - State: [0, 0, 0, 0], Action: 1, Reward: 0, Next State: [0, 0, 0, 0]
2024-07-01 19:00:05,234 - State: [0, 0, 0, 0], Action: 1, Reward: 0, Next State: [0, 0, 0, 0]
2024-07-01 19:00:05,374 - State: [0, 0, 0, 0], Action: 0, Reward: 0, Next State: [0, 0, 0, 0]
2024-07-01 19:00:05,425 - State: [0, 0, 0, 0], Action: 1, Reward: 0, Next State: [0, 0, 0, 0]
2024-07-01 19:00:05,466 - State: [0, 0, 0, 0], Action: 0, Reward: 0, Next State: [0, 0, 0, 0]
2024-07-01 19:00:05,503 - State: [0, 0, 0, 0], Action: 0, Reward: 0, Next State: [0, 0, 0, 0]
2024-07-01 19:00:05,539 - State: [0, 0, 0, 0], Action: 1, Reward: 0, Next State: [0, 0, 0, 0]
2024-07-01 19:00:05,580 - State: [0, 0, 0, 0], Action: 0, Reward: 0, Next State: [0, 0, 0, 0]
2024-07-01 19:00:06,673 - State: [0, 0, 0, 0], Action: 1, Reward: 0, Next State: [0, 0, 0, 0]
2024-07-01 19:00:06,721 - State: [0, 0, 0, 0], Action: 0, Reward: 0, Next State: [0, 0, 0, 0]
2024-07-01 19:00:06,994 - State: [0, 0, 0, 0], Action: 1, Reward: 0, Next State: [0, 0, 0, 0]
2024-07-01 19:00:07,281 - State: [0, 0, 0, 0], Action: 1, Reward: 0, Next State: [0, 0, 0, 0]
2024-07-01 19:00:07,337 - State: [0, 0, 0, 0], Action: 0, Reward: 0, Next State: [0, 0, 0, 0]
2024-07-01 19:00:07,375 - State: [0, 0, 0, 0], Action: 1, Reward: 0, Next State: [0, 0, 0, 0]
2024-07-01 19:00:07,418 - State: [0, 0, 0, 0], Action: 1, Reward: 0, Next State: [0, 0, 0, 0]
2024-07-01 19:00:07,462 - State: [0, 0, 0, 0], Action: 1, Reward: 0, Next State: [0, 0, 0, 0]
2024-07-01 19:00:07,510 - State: [0, 0, 0, 0], Action: 1, Reward: 0, Next State: [0, 0, 0, 0]
2024-07-01 19:00:07,548 - State: [0, 0, 0, 0], Action: 1, Reward: 0, Next State: [0, 0, 0, 0]
2024-07-01 19:00:07,588 - State: [0, 0, 0, 0], Action: 1, Reward: 0, Next State: [0, 0, 0, 0]
2024-07-01 19:00:07,630 - State: [0, 0, 0, 0], Action: 0, Reward: 0, Next State: [0, 0, 0, 0]
2024-07-01 19:00:07,669 - State: [0, 0, 0, 0], Action: 1, Reward: 0, Next State: [0, 0, 0, 0]
2024-07-01 19:00:07,712 - State: [0, 0, 0, 0], Action: 0, Reward: 0, Next State: [0, 0, 0, 0]
2024-07-01 19:00:27,759 - State: [0, 0, 0, 0], Action: 1, Reward: 0, Next State: [0, 0, 0, 0]
2024-07-01 19:00:29,806 - State: [0, 0, 0, 0], Action: 1, Reward: 0, Next State: [0, 0, 0, 0]
2024-07-01 19:00:31,857 - State: [0, 0, 0, 0], Action: 1, Reward: 0, Next State: [0, 0, 0, 0]
2024-07-01 19:00:31,945 - State: [0, 0, 0, 0], Action: 0, Reward: 0, Next State: [0, 0, 0, 0]
2024-07-01 19:00:32,009 - State: [0, 0, 0, 0], Action: 1, Reward: 0, Next State: [0, 0, 0, 0]
2024-07-01 19:00:32,052 - State: [0, 0, 0, 0], Action: 1, Reward: 0, Next State: [0, 0, 0, 0]
2024-07-01 19:00:33,905 - State: [0, 0, 0, 0], Action: 1, Reward: 0, Next State: [0, 0, 0, 0]
2024-07-01 19:00:34,017 - State: [0, 0, 0, 0], Action: 1, Reward: 0, Next State: [0, 0, 0, 0]
2024-07-01 19:00:34,086 - State: [0, 0, 0, 0], Action: 1, Reward: 0, Next State: [0, 0, 0, 0]
2024-07-01 19:00:34,134 - State: [0, 0, 0, 0], Action: 1, Reward: 0, Next State: [0, 0, 0, 0]
2024-07-01 19:00:35,951 - State: [0, 0, 0, 0], Action: 1, Reward: 0, Next State: [0, 0, 0, 0]
2024-07-01 19:00:36,031 - State: [0, 0, 0, 0], Action: 1, Reward: 0, Next State: [0, 0, 0, 0]
2024-07-01 19:00:36,113 - State: [0, 0, 0, 0], Action: 0, Reward: 0, Next State: [0, 0, 0, 0]
2024-07-01 19:00:38,000 - State: [0, 0, 0, 0], Action: 1, Reward: 0, Next State: [0, 0, 0, 0]
2024-07-01 19:00:38,077 - State: [0, 0, 0, 0], Action: 1, Reward: 0, Next State: [0, 0, 0, 0]
2024-07-01 19:00:38,146 - State: [0, 0, 0, 0], Action: 1, Reward: 0, Next State: [0, 0, 0, 0]
2024-07-01 19:00:38,208 - State: [0, 0, 0, 0], Action: 1, Reward: 0, Next State: [0, 0, 0, 0]
2024-07-01 19:00:38,671 - State: [0, 0, 0, 0], Action: 1, Reward: 0, Next State: [0, 0, 0, 0]
2024-07-01 19:00:38,748 - State: [0, 0, 0, 0], Action: 1, Reward: 0, Next State: [0, 0, 0, 0]
2024-07-01 19:00:38,995 - State: [0, 0, 0, 0], Action: 1, Reward: 0, Next State: [0, 0, 0, 0]
2024-07-01 19:00:39,317 - State: [0, 0, 0, 0], Action: 1, Reward: 0, Next State: [0, 0, 0, 0]
2024-07-01 19:00:39,424 - State: [0, 0, 0, 0], Action: 1, Reward: 0, Next State: [0, 0, 0, 0]
2024-07-01 19:00:39,504 - State: [0, 0, 0, 0], Action: 1, Reward: 0, Next State: [0, 0, 0, 0]
2024-07-01 19:00:39,577 - State: [0, 0, 0, 0], Action: 0, Reward: 0, Next State: [0, 0, 0, 0]
2024-07-01 19:00:39,648 - State: [0, 0, 0, 0], Action: 1, Reward: 0, Next State: [0, 0, 0, 0]
2024-07-01 19:00:40,047 - State: [0, 0, 0, 0], Action: 1, Reward: 0, Next State: [0, 0, 0, 0]
2024-07-01 19:00:40,151 - State: [0, 0, 0, 0], Action: 1, Reward: 0, Next State: [0, 0, 0, 0]
2024-07-01 19:00:40,237 - State: [0, 0, 0, 0], Action: 1, Reward: 0, Next State: [0, 0, 0, 0]
2024-07-01 19:00:40,309 - State: [0, 0, 0, 0], Action: 1, Reward: 0, Next State: [0, 0, 0, 0]
2024-07-01 19:00:40,384 - State: [0, 0, 0, 0], Action: 1, Reward: 0, Next State: [0, 0, 0, 0]
2024-07-01 19:00:40,447 - State: [0, 0, 0, 0], Action: 1, Reward: 0, Next State: [0, 0, 0, 0]
2024-07-01 19:00:42,096 - State: [0, 0, 0, 0], Action: 1, Reward: 0, Next State: [0, 0, 0, 0]
2024-07-01 19:00:42,249 - State: [0, 0, 0, 0], Action: 1, Reward: 0, Next State: [0, 0, 0, 0]
2024-07-01 19:00:44,143 - State: [0, 0, 0, 0], Action: 1, Reward: 0, Next State: [0, 0, 0, 0]
2024-07-01 19:00:44,218 - State: [0, 0, 0, 0], Action: 1, Reward: 0, Next State: [0, 0, 0, 0]
2024-07-01 19:00:44,290 - State: [0, 0, 0, 0], Action: 1, Reward: 0, Next State: [0, 0, 0, 0]
2024-07-01 19:01:21,010 - State: [0, 0, 0, 0], Action: 1, Reward: 0, Next State: [0, 0, 0, 0]
2024-07-01 19:01:25,103 - State: [0, 0, 0, 0], Action: 1, Reward: 0, Next State: [0, 0, 0, 0]
2024-07-01 19:01:29,198 - State: [0, 0, 0, 0], Action: 0, Reward: 0, Next State: [0, 0, 0, 0]
2024-07-01 19:01:33,296 - State: [0, 0, 0, 0], Action: 0, Reward: 0, Next State: [0, 0, 0, 0]
2024-07-01 19:01:33,348 - State: [0, 0, 0, 0], Action: 1, Reward: 0, Next State: [0, 0, 0, 0]
2024-07-01 19:01:33,390 - State: [0, 0, 0, 0], Action: 1, Reward: 0, Next State: [0, 0, 0, 0]
2024-07-01 19:01:35,345 - State: [0, 0, 0, 0], Action: 1, Reward: 0, Next State: [0, 0, 0, 0]
2024-07-01 19:01:35,392 - State: [0, 0, 0, 0], Action: 1, Reward: 0, Next State: [0, 0, 0, 0]
2024-07-01 19:01:35,434 - State: [0, 0, 0, 0], Action: 1, Reward: 0, Next State: [0, 0, 0, 0]
2024-07-01 19:01:35,478 - State: [0, 0, 0, 0], Action: 1, Reward: 0, Next State: [0, 0, 0, 0]
2024-07-01 19:01:37,392 - State: [0, 0, 0, 0], Action: 1, Reward: 0, Next State: [0, 0, 0, 0]
2024-07-01 19:01:37,441 - State: [0, 0, 0, 0], Action: 1, Reward: 0, Next State: [0, 0, 0, 0]
2024-07-01 19:01:42,673 - State: [0, 0, 0, 0], Action: 1, Reward: 0, Next State: [0, 0, 0, 0]
2024-07-01 19:01:42,746 - State: [0, 0, 0, 0], Action: 1, Reward: 0, Next State: [0, 0, 0, 0]
2024-07-01 19:01:42,996 - State: [0, 0, 0, 0], Action: 1, Reward: 0, Next State: [0, 0, 0, 0]
2024-07-01 19:01:43,319 - State: [0, 0, 0, 0], Action: 1, Reward: 0, Next State: [0, 0, 0, 0]
2024-07-01 19:01:43,392 - State: [0, 0, 0, 0], Action: 0, Reward: 0, Next State: [0, 0, 0, 0]
2024-07-01 19:01:43,505 - State: [0, 0, 0, 0], Action: 0, Reward: 0, Next State: [0, 0, 0, 0]
2024-07-01 19:01:43,560 - State: [0, 0, 0, 0], Action: 1, Reward: 0, Next State: [0, 0, 0, 0]
2024-07-01 19:01:43,629 - State: [0, 0, 0, 0], Action: 1, Reward: 0, Next State: [0, 0, 0, 0]
2024-07-01 19:01:43,688 - State: [0, 0, 0, 0], Action: 1, Reward: 0, Next State: [0, 0, 0, 0]
2024-07-01 19:01:43,729 - State: [0, 0, 0, 0], Action: 1, Reward: 0, Next State: [0, 0, 0, 0]
2024-07-01 19:01:43,773 - State: [0, 0, 0, 0], Action: 1, Reward: 0, Next State: [0, 0, 0, 0]
2024-07-01 19:01:43,815 - State: [0, 0, 0, 0], Action: 1, Reward: 0, Next State: [0, 0, 0, 0]
2024-07-01 19:01:45,585 - State: [0, 0, 0, 0], Action: 1, Reward: 0, Next State: [0, 0, 0, 0]
2024-07-01 19:01:45,660 - State: [0, 0, 0, 0], Action: 1, Reward: 0, Next State: [0, 0, 0, 0]
2024-07-01 19:01:45,729 - State: [0, 0, 0, 0], Action: 1, Reward: 0, Next State: [0, 0, 0, 0]
2024-07-01 19:01:45,773 - State: [0, 0, 0, 0], Action: 1, Reward: 0, Next State: [0, 0, 0, 0]
2024-07-01 19:01:47,631 - State: [0, 0, 0, 0], Action: 1, Reward: 0, Next State: [0, 0, 0, 0]
2024-07-01 19:01:47,697 - State: [0, 0, 0, 0], Action: 1, Reward: 0, Next State: [0, 0, 0, 0]
2024-07-01 19:01:49,681 - State: [0, 0, 0, 0], Action: 1, Reward: 0, Next State: [0, 0, 0, 0]
2024-07-01 19:01:49,738 - State: [0, 0, 0, 0], Action: 1, Reward: 0, Next State: [0, 0, 0, 0]
2024-07-01 19:01:51,728 - State: [0, 0, 0, 0], Action: 0, Reward: 0, Next State: [0, 0, 0, 0]
2024-07-01 19:01:53,777 - State: [0, 0, 0, 0], Action: 1, Reward: 0, Next State: [0, 0, 0, 0]
2024-07-01 19:01:57,873 - State: [0, 0, 0, 0], Action: 1, Reward: 0, Next State: [0, 0, 0, 0]
2024-07-01 19:01:59,921 - State: [0, 0, 0, 0], Action: 1, Reward: 0, Next State: [0, 0, 0, 0]
2024-07-01 19:03:07,505 - State: [0, 0, 0, 0], Action: 1, Reward: 0, Next State: [0, 0, 0, 0]
2024-07-01 19:03:17,744 - State: [0, 0, 0, 0], Action: 0, Reward: 0, Next State: [0, 0, 0, 0]
2024-07-01 19:03:23,888 - State: [0, 0, 0, 0], Action: 1, Reward: 0, Next State: [0, 0, 0, 0]
2024-07-01 19:03:32,081 - State: [0, 0, 0, 0], Action: 1, Reward: 0, Next State: [0, 0, 0, 0]
2024-07-01 19:03:34,129 - State: [0, 0, 0, 0], Action: 1, Reward: 0, Next State: [0, 0, 0, 0]
2024-07-01 19:03:36,175 - State: [0, 0, 0, 0], Action: 0, Reward: 0, Next State: [0, 0, 0, 0]
2024-07-01 19:03:38,223 - State: [0, 0, 0, 0], Action: 1, Reward: 0, Next State: [0, 0, 0, 0]
2024-07-01 19:03:38,285 - State: [0, 0, 0, 0], Action: 1, Reward: 0, Next State: [0, 0, 0, 0]
2024-07-01 19:03:38,330 - State: [0, 0, 0, 0], Action: 1, Reward: 0, Next State: [0, 0, 0, 0]
2024-07-01 19:03:38,372 - State: [0, 0, 0, 0], Action: 1, Reward: 0, Next State: [0, 0, 0, 0]
2024-07-01 19:03:40,273 - State: [0, 0, 0, 0], Action: 1, Reward: 0, Next State: [0, 0, 0, 0]
2024-07-01 19:03:44,368 - State: [0, 0, 0, 0], Action: 1, Reward: 0, Next State: [0, 0, 0, 0]
2024-07-01 19:03:50,675 - State: [0, 0, 0, 0], Action: 1, Reward: 0, Next State: [0, 0, 0, 0]
2024-07-01 19:03:50,751 - State: [0, 0, 0, 0], Action: 1, Reward: 0, Next State: [0, 0, 0, 0]
2024-07-01 19:03:50,997 - State: [0, 0, 0, 0], Action: 1, Reward: 0, Next State: [0, 0, 0, 0]
2024-07-01 19:03:51,319 - State: [0, 0, 0, 0], Action: 1, Reward: 0, Next State: [0, 0, 0, 0]
2024-07-01 19:03:51,392 - State: [0, 0, 0, 0], Action: 1, Reward: 0, Next State: [0, 0, 0, 0]
2024-07-01 19:03:51,505 - State: [0, 0, 0, 0], Action: 1, Reward: 0, Next State: [0, 0, 0, 0]
2024-07-01 19:03:51,552 - State: [0, 0, 0, 0], Action: 1, Reward: 0, Next State: [0, 0, 0, 0]
2024-07-01 19:03:51,596 - State: [0, 0, 0, 0], Action: 1, Reward: 0, Next State: [0, 0, 0, 0]
2024-07-01 19:03:52,561 - State: [0, 0, 0, 0], Action: 1, Reward: 0, Next State: [0, 0, 0, 0]
2024-07-01 19:03:52,614 - State: [0, 0, 0, 0], Action: 1, Reward: 0, Next State: [0, 0, 0, 0]
2024-07-01 19:03:52,657 - State: [0, 0, 0, 0], Action: 0, Reward: 0, Next State: [0, 0, 0, 0]
2024-07-01 19:03:52,702 - State: [0, 0, 0, 0], Action: 1, Reward: 0, Next State: [0, 0, 0, 0]
2024-07-01 19:03:58,704 - State: [0, 0, 0, 0], Action: 1, Reward: 0, Next State: [0, 0, 0, 0]
2024-07-01 19:04:02,802 - State: [0, 0, 0, 0], Action: 1, Reward: 0, Next State: [0, 0, 0, 0]
2024-07-01 19:04:02,858 - State: [0, 0, 0, 0], Action: 1, Reward: 0, Next State: [0, 0, 0, 0]
2024-07-01 19:04:02,911 - State: [0, 0, 0, 0], Action: 0, Reward: 0, Next State: [0, 0, 0, 0]
2024-07-01 19:04:02,966 - State: [0, 0, 0, 0], Action: 1, Reward: 0, Next State: [0, 0, 0, 0]
2024-07-01 19:04:19,185 - State: [0, 0, 0, 0], Action: 1, Reward: 0, Next State: [0, 0, 0, 0]
2024-07-01 19:04:19,234 - State: [0, 0, 0, 0], Action: 1, Reward: 0, Next State: [0, 0, 0, 0]
2024-07-01 19:04:19,276 - State: [0, 0, 0, 0], Action: 1, Reward: 0, Next State: [0, 0, 0, 0]
2024-07-01 19:04:19,320 - State: [0, 0, 0, 0], Action: 1, Reward: 0, Next State: [0, 0, 0, 0]
2024-07-01 19:04:35,567 - State: [0, 0, 0, 0], Action: 1, Reward: 0, Next State: [0, 0, 0, 0]
2024-07-01 19:04:35,621 - State: [0, 0, 0, 0], Action: 1, Reward: 0, Next State: [0, 0, 0, 0]
2024-07-01 19:04:35,663 - State: [0, 0, 0, 0], Action: 1, Reward: 0, Next State: [0, 0, 0, 0]
2024-07-01 19:06:46,640 - State: [0, 0, 0, 0], Action: 0, Reward: 0, Next State: [0, 0, 0, 0]
2024-07-01 19:07:19,409 - State: [0, 0, 0, 0], Action: 1, Reward: 0, Next State: [0, 0, 0, 0]
2024-07-01 19:07:19,457 - State: [0, 0, 0, 0], Action: 1, Reward: 0, Next State: [0, 0, 0, 0]
2024-07-01 19:07:35,793 - State: [0, 0, 0, 0], Action: 1, Reward: 0, Next State: [0, 0, 0, 0]
2024-07-01 19:07:35,837 - State: [0, 0, 0, 0], Action: 1, Reward: 0, Next State: [0, 0, 0, 0]
2024-07-01 19:07:52,176 - State: [0, 0, 0, 0], Action: 0, Reward: 0, Next State: [0, 0, 0, 0]
2024-07-01 19:07:52,218 - State: [0, 0, 0, 0], Action: 1, Reward: 0, Next State: [0, 0, 0, 0]
2024-07-01 19:07:52,254 - State: [0, 0, 0, 0], Action: 0, Reward: 0, Next State: [0, 0, 0, 0]
2024-07-01 19:07:52,291 - State: [0, 0, 0, 0], Action: 1, Reward: 0, Next State: [0, 0, 0, 0]
2024-07-01 19:07:52,328 - State: [0, 0, 0, 0], Action: 1, Reward: 0, Next State: [0, 0, 0, 0]
2024-07-01 19:08:06,674 - State: [0, 0, 0, 0], Action: 1, Reward: 0, Next State: [0, 0, 0, 0]
2024-07-01 19:08:06,741 - State: [0, 0, 0, 0], Action: 1, Reward: 0, Next State: [0, 0, 0, 0]
2024-07-01 19:08:06,995 - State: [0, 0, 0, 0], Action: 1, Reward: 0, Next State: [0, 0, 0, 0]
2024-07-01 19:08:07,319 - State: [0, 0, 0, 0], Action: 0, Reward: 0, Next State: [0, 0, 0, 0]
2024-07-01 19:08:07,389 - State: [0, 0, 0, 0], Action: 1, Reward: 0, Next State: [0, 0, 0, 0]
2024-07-01 19:08:07,506 - State: [0, 0, 0, 0], Action: 1, Reward: 0, Next State: [0, 0, 0, 0]
2024-07-01 19:08:07,546 - State: [0, 0, 0, 0], Action: 1, Reward: 0, Next State: [0, 0, 0, 0]
2024-07-01 19:08:07,589 - State: [0, 0, 0, 0], Action: 1, Reward: 0, Next State: [0, 0, 0, 0]
2024-07-01 19:08:08,562 - State: [0, 0, 0, 0], Action: 1, Reward: 0, Next State: [0, 0, 0, 0]
2024-07-01 19:08:08,600 - State: [0, 0, 0, 0], Action: 1, Reward: 0, Next State: [0, 0, 0, 0]
2024-07-01 19:08:08,636 - State: [0, 0, 0, 0], Action: 1, Reward: 0, Next State: [0, 0, 0, 0]
2024-07-01 19:08:08,673 - State: [0, 0, 0, 0], Action: 1, Reward: 0, Next State: [0, 0, 0, 0]
2024-07-01 19:08:24,946 - State: [0, 0, 0, 0], Action: 1, Reward: 0, Next State: [0, 0, 0, 0]
2024-07-01 19:08:25,006 - State: [0, 0, 0, 0], Action: 1, Reward: 0, Next State: [0, 0, 0, 0]
2024-07-01 19:08:25,059 - State: [0, 0, 0, 0], Action: 1, Reward: 0, Next State: [0, 0, 0, 0]
2024-07-01 19:08:25,109 - State: [0, 0, 0, 0], Action: 0, Reward: 0, Next State: [0, 0, 0, 0]
2024-07-01 19:08:41,329 - State: [0, 0, 0, 0], Action: 1, Reward: 0, Next State: [0, 0, 0, 0]
2024-07-01 19:08:41,377 - State: [0, 0, 0, 0], Action: 1, Reward: 0, Next State: [0, 0, 0, 0]
2024-07-01 19:08:41,413 - State: [0, 0, 0, 0], Action: 1, Reward: 0, Next State: [0, 0, 0, 0]
2024-07-01 19:08:57,713 - State: [0, 0, 0, 0], Action: 1, Reward: 0, Next State: [0, 0, 0, 0]
2024-07-01 19:08:57,767 - State: [0, 0, 0, 0], Action: 1, Reward: 0, Next State: [0, 0, 0, 0]
2024-07-01 19:08:57,805 - State: [0, 0, 0, 0], Action: 1, Reward: 0, Next State: [0, 0, 0, 0]
2024-07-01 19:08:57,843 - State: [0, 0, 0, 0], Action: 1, Reward: 0, Next State: [0, 0, 0, 0]
2024-07-01 19:09:30,481 - State: [0, 0, 0, 0], Action: 1, Reward: 0, Next State: [0, 0, 0, 0]
2024-07-01 19:09:46,865 - State: [0, 0, 0, 0], Action: 1, Reward: 0, Next State: [0, 0, 0, 0]
2024-07-01 19:09:46,913 - State: [0, 0, 0, 0], Action: 1, Reward: 0, Next State: [0, 0, 0, 0]
2024-07-01 19:13:52,625 - State: [0, 0, 0, 0], Action: 1, Reward: 0, Next State: [0, 0, 0, 0]
2024-07-01 19:15:14,545 - State: [0, 0, 0, 0], Action: 1, Reward: 0, Next State: [0, 0, 0, 0]
2024-07-01 19:15:30,932 - State: [0, 0, 0, 0], Action: 0, Reward: 0, Next State: [0, 0, 0, 0]
2024-07-01 19:15:31,013 - State: [0, 0, 0, 0], Action: 1, Reward: 0, Next State: [0, 0, 0, 0]
2024-07-01 19:15:47,313 - State: [0, 0, 0, 0], Action: 1, Reward: 0, Next State: [0, 0, 0, 0]
2024-07-01 19:16:03,697 - State: [0, 0, 0, 0], Action: 1, Reward: 0, Next State: [0, 0, 0, 0]
2024-07-01 19:16:20,081 - State: [0, 0, 0, 0], Action: 1, Reward: 0, Next State: [0, 0, 0, 0]
2024-07-01 19:16:20,150 - State: [0, 0, 0, 0], Action: 1, Reward: 0, Next State: [0, 0, 0, 0]
2024-07-01 19:16:20,186 - State: [0, 0, 0, 0], Action: 0, Reward: 0, Next State: [0, 0, 0, 0]
2024-07-01 19:16:36,465 - State: [0, 0, 0, 0], Action: 1, Reward: 0, Next State: [0, 0, 0, 0]
2024-07-01 19:16:36,511 - State: [0, 0, 0, 0], Action: 1, Reward: 0, Next State: [0, 0, 0, 0]
2024-07-01 19:16:38,675 - State: [0, 0, 0, 0], Action: 1, Reward: 0, Next State: [0, 0, 0, 0]
2024-07-01 19:16:38,716 - State: [0, 0, 0, 0], Action: 1, Reward: 0, Next State: [0, 0, 0, 0]
2024-07-01 19:16:38,999 - State: [0, 0, 0, 0], Action: 1, Reward: 0, Next State: [0, 0, 0, 0]
2024-07-01 19:16:39,321 - State: [0, 0, 0, 0], Action: 1, Reward: 0, Next State: [0, 0, 0, 0]
2024-07-01 19:16:39,390 - State: [0, 0, 0, 0], Action: 1, Reward: 0, Next State: [0, 0, 0, 0]
2024-07-01 19:16:39,507 - State: [0, 0, 0, 0], Action: 1, Reward: 0, Next State: [0, 0, 0, 0]
2024-07-01 19:16:39,547 - State: [0, 0, 0, 0], Action: 1, Reward: 0, Next State: [0, 0, 0, 0]
2024-07-01 19:16:39,586 - State: [0, 0, 0, 0], Action: 1, Reward: 0, Next State: [0, 0, 0, 0]
2024-07-01 19:16:52,849 - State: [0, 0, 0, 0], Action: 1, Reward: 0, Next State: [0, 0, 0, 0]
2024-07-01 19:16:52,915 - State: [0, 0, 0, 0], Action: 1, Reward: 0, Next State: [0, 0, 0, 0]
2024-07-01 19:16:52,974 - State: [0, 0, 0, 0], Action: 1, Reward: 0, Next State: [0, 0, 0, 0]
2024-07-01 19:17:09,233 - State: [0, 0, 0, 0], Action: 1, Reward: 0, Next State: [0, 0, 0, 0]
2024-07-01 19:17:09,291 - State: [0, 0, 0, 0], Action: 1, Reward: 0, Next State: [0, 0, 0, 0]
2024-07-01 19:17:25,615 - State: [0, 0, 0, 0], Action: 1, Reward: 0, Next State: [0, 0, 0, 0]
2024-07-01 19:17:25,702 - State: [0, 0, 0, 0], Action: 1, Reward: 0, Next State: [0, 0, 0, 0]
2024-07-01 19:17:42,001 - State: [0, 0, 0, 0], Action: 1, Reward: 0, Next State: [0, 0, 0, 0]
2024-07-01 19:17:42,046 - State: [0, 0, 0, 0], Action: 1, Reward: 0, Next State: [0, 0, 0, 0]
2024-07-01 19:17:58,385 - State: [0, 0, 0, 0], Action: 1, Reward: 0, Next State: [0, 0, 0, 0]
2024-07-01 19:17:58,430 - State: [0, 0, 0, 0], Action: 1, Reward: 0, Next State: [0, 0, 0, 0]
2024-07-01 19:17:58,467 - State: [0, 0, 0, 0], Action: 1, Reward: 0, Next State: [0, 0, 0, 0]
2024-07-01 19:18:14,768 - State: [0, 0, 0, 0], Action: 1, Reward: 0, Next State: [0, 0, 0, 0]
2024-07-01 19:18:14,839 - State: [0, 0, 0, 0], Action: 1, Reward: 0, Next State: [0, 0, 0, 0]
2024-07-01 19:19:36,688 - State: [0, 0, 0, 0], Action: 0, Reward: 0, Next State: [0, 0, 0, 0]
2024-07-01 19:19:36,734 - State: [0, 0, 0, 0], Action: 1, Reward: 0, Next State: [0, 0, 0, 0]
2024-07-01 19:20:42,225 - State: [0, 0, 0, 0], Action: 1, Reward: 0, Next State: [0, 0, 0, 0]
2024-07-01 19:28:04,593 - State: [0, 0, 0, 0], Action: 1, Reward: 0, Next State: [0, 0, 0, 0]
2024-07-01 19:30:48,433 - State: [0, 0, 0, 0], Action: 1, Reward: 0, Next State: [0, 0, 0, 0]
2024-07-01 19:31:04,817 - State: [0, 0, 0, 0], Action: 1, Reward: 0, Next State: [0, 0, 0, 0]
2024-07-01 19:32:10,352 - State: [0, 0, 0, 0], Action: 1, Reward: 0, Next State: [0, 0, 0, 0]
2024-07-01 19:32:10,400 - State: [0, 0, 0, 0], Action: 1, Reward: 0, Next State: [0, 0, 0, 0]
2024-07-01 19:32:26,737 - State: [0, 0, 0, 0], Action: 1, Reward: 0, Next State: [0, 0, 0, 0]
2024-07-01 19:32:43,121 - State: [0, 0, 0, 0], Action: 1, Reward: 0, Next State: [0, 0, 0, 0]
2024-07-01 19:33:32,273 - State: [0, 0, 0, 0], Action: 1, Reward: 0, Next State: [0, 0, 0, 0]
2024-07-01 19:33:32,329 - State: [0, 0, 0, 0], Action: 1, Reward: 0, Next State: [0, 0, 0, 0]
2024-07-01 19:33:42,677 - State: [0, 0, 0, 0], Action: 1, Reward: 0, Next State: [0, 0, 0, 0]
2024-07-01 19:33:42,748 - State: [0, 0, 0, 0], Action: 1, Reward: 0, Next State: [0, 0, 0, 0]
2024-07-01 19:33:42,996 - State: [0, 0, 0, 0], Action: 1, Reward: 0, Next State: [0, 0, 0, 0]
2024-07-01 19:33:43,320 - State: [0, 0, 0, 0], Action: 0, Reward: 0, Next State: [0, 0, 0, 0]
2024-07-01 19:33:43,395 - State: [0, 0, 0, 0], Action: 1, Reward: 0, Next State: [0, 0, 0, 0]
2024-07-01 19:33:43,507 - State: [0, 0, 0, 0], Action: 1, Reward: 0, Next State: [0, 0, 0, 0]
2024-07-01 19:33:43,550 - State: [0, 0, 0, 0], Action: 1, Reward: 0, Next State: [0, 0, 0, 0]
2024-07-01 19:33:43,592 - State: [0, 0, 0, 0], Action: 1, Reward: 0, Next State: [0, 0, 0, 0]
2024-07-01 19:33:48,656 - State: [0, 0, 0, 0], Action: 1, Reward: 0, Next State: [0, 0, 0, 0]
2024-07-01 19:34:05,041 - State: [0, 0, 0, 0], Action: 1, Reward: 0, Next State: [0, 0, 0, 0]
2024-07-01 19:34:05,088 - State: [0, 0, 0, 0], Action: 1, Reward: 0, Next State: [0, 0, 0, 0]
2024-07-01 19:35:10,576 - State: [0, 0, 0, 0], Action: 1, Reward: 0, Next State: [0, 0, 0, 0]
2024-07-01 19:35:10,634 - State: [0, 0, 0, 0], Action: 1, Reward: 0, Next State: [0, 0, 0, 0]
2024-07-01 19:35:10,686 - State: [0, 0, 0, 0], Action: 1, Reward: 0, Next State: [0, 0, 0, 0]
2024-07-01 19:35:10,726 - State: [0, 0, 0, 0], Action: 1, Reward: 0, Next State: [0, 0, 0, 0]
2024-07-01 19:35:10,765 - State: [0, 0, 0, 0], Action: 1, Reward: 0, Next State: [0, 0, 0, 0]
2024-07-01 19:37:21,649 - State: [0, 0, 0, 0], Action: 1, Reward: 0, Next State: [0, 0, 0, 0]
2024-07-01 19:37:21,695 - State: [0, 0, 0, 0], Action: 1, Reward: 0, Next State: [0, 0, 0, 0]
2024-07-01 19:37:21,735 - State: [0, 0, 0, 0], Action: 1, Reward: 0, Next State: [0, 0, 0, 0]
2024-07-01 19:37:21,774 - State: [0, 0, 0, 0], Action: 1, Reward: 0, Next State: [0, 0, 0, 0]
2024-07-01 19:37:21,811 - State: [0, 0, 0, 0], Action: 0, Reward: 0, Next State: [0, 0, 0, 0]
2024-07-01 19:37:21,848 - State: [0, 0, 0, 0], Action: 1, Reward: 0, Next State: [0, 0, 0, 0]
2024-07-01 19:37:21,888 - State: [0, 0, 0, 0], Action: 1, Reward: 0, Next State: [0, 0, 0, 0]
2024-07-01 19:37:21,924 - State: [0, 0, 0, 0], Action: 1, Reward: 0, Next State: [0, 0, 0, 0]
2024-07-01 19:39:32,721 - State: [0, 0, 0, 0], Action: 1, Reward: 0, Next State: [0, 0, 0, 0]
2024-07-03 03:49:32,709 - State: [0, 0, 0, 0], Action: 1, Reward: 0, Next State: [0, 0, 0, 0]
2024-07-03 03:49:32,812 - State: [0, 0, 0, 0], Action: 1, Reward: 0, Next State: [0, 0, 0, 0]
2024-07-03 03:49:33,033 - State: [0, 0, 0, 0], Action: 1, Reward: 0, Next State: [0, 0, 0, 0]
2024-07-03 03:49:33,133 - State: [0, 0, 0, 0], Action: 1, Reward: 0, Next State: [0, 0, 0, 0]
2024-07-03 03:49:33,234 - State: [0, 0, 0, 0], Action: 1, Reward: 0, Next State: [0, 0, 0, 0]
2024-07-03 03:49:33,333 - State: [0, 0, 0, 0], Action: 1, Reward: 0, Next State: [0, 0, 0, 0]
2024-07-03 03:49:33,413 - State: [0, 0, 0, 0], Action: 1, Reward: 0, Next State: [0, 0, 0, 0]
2024-07-03 03:49:33,467 - State: [0, 0, 0, 0], Action: 1, Reward: 0, Next State: [0, 0, 0, 0]
2024-07-03 03:49:33,522 - State: [0, 0, 0, 0], Action: 1, Reward: 0, Next State: [0, 0, 0, 0]
2024-07-03 03:50:49,612 - State: [0, 0, 0, 0], Action: 1, Reward: 0, Next State: [0, 0, 0, 0]
2024-07-03 04:08:26,507 - State: [0, 0, 0, 0], Action: 1, Reward: 0, Next State: [0, 0, 0, 0]
2024-07-03 04:10:32,916 - State: [0, 0, 0, 0], Action: 1, Reward: 0, Next State: [0, 0, 0, 0]
2024-07-03 04:10:33,024 - State: [0, 0, 0, 0], Action: 1, Reward: 0, Next State: [0, 0, 0, 0]
2024-07-03 04:10:33,076 - State: [0, 0, 0, 0], Action: 1, Reward: 0, Next State: [0, 0, 0, 0]
2024-07-03 04:10:33,118 - State: [0, 0, 0, 0], Action: 1, Reward: 0, Next State: [0, 0, 0, 0]
2024-07-03 04:10:33,165 - State: [0, 0, 0, 0], Action: 1, Reward: 0, Next State: [0, 0, 0, 0]
2024-07-03 04:10:33,208 - State: [0, 0, 0, 0], Action: 1, Reward: 0, Next State: [0, 0, 0, 0]
2024-07-03 04:10:33,259 - State: [0, 0, 0, 0], Action: 1, Reward: 0, Next State: [0, 0, 0, 0]
2024-07-03 04:10:33,304 - State: [0, 0, 0, 0], Action: 1, Reward: 0, Next State: [0, 0, 0, 0]
2024-07-03 04:10:33,343 - State: [0, 0, 0, 0], Action: 1, Reward: 0, Next State: [0, 0, 0, 0]
2024-07-03 04:10:33,381 - State: [0, 0, 0, 0], Action: 0, Reward: 0, Next State: [0, 0, 0, 0]
2024-07-03 04:10:33,419 - State: [0, 0, 0, 0], Action: 1, Reward: 0, Next State: [0, 0, 0, 0]
2024-07-03 04:10:33,466 - State: [0, 0, 0, 0], Action: 1, Reward: 0, Next State: [0, 0, 0, 0]
2024-07-03 04:10:33,516 - State: [0, 0, 0, 0], Action: 1, Reward: 0, Next State: [0, 0, 0, 0]
2024-07-03 04:10:33,564 - State: [0, 0, 0, 0], Action: 1, Reward: 0, Next State: [0, 0, 0, 0]
2024-07-03 04:10:33,601 - State: [0, 0, 0, 0], Action: 1, Reward: 0, Next State: [0, 0, 0, 0]
2024-07-03 04:10:33,641 - State: [0, 0, 0, 0], Action: 1, Reward: 0, Next State: [0, 0, 0, 0]
2024-07-03 04:10:33,681 - State: [0, 0, 0, 0], Action: 1, Reward: 0, Next State: [0, 0, 0, 0]
2024-07-03 04:10:33,741 - State: [0, 0, 0, 0], Action: 1, Reward: 0, Next State: [0, 0, 0, 0]
2024-07-03 04:10:33,810 - State: [0, 0, 0, 0], Action: 1, Reward: 0, Next State: [0, 0, 0, 0]
2024-07-03 04:10:33,862 - State: [0, 0, 0, 0], Action: 1, Reward: 0, Next State: [0, 0, 0, 0]
2024-07-03 04:10:33,910 - State: [0, 0, 0, 0], Action: 1, Reward: 0, Next State: [0, 0, 0, 0]
2024-07-03 04:10:33,961 - State: [0, 0, 0, 0], Action: 1, Reward: 0, Next State: [0, 0, 0, 0]
2024-07-03 04:10:34,007 - State: [0, 0, 0, 0], Action: 1, Reward: 0, Next State: [0, 0, 0, 0]
2024-07-03 04:10:34,045 - State: [0, 0, 0, 0], Action: 0, Reward: 0, Next State: [0, 0, 0, 0]
2024-07-03 04:10:34,086 - State: [0, 0, 0, 0], Action: 1, Reward: 0, Next State: [0, 0, 0, 0]
2024-07-03 04:10:34,129 - State: [0, 0, 0, 0], Action: 1, Reward: 0, Next State: [0, 0, 0, 0]
2024-07-03 04:10:34,176 - State: [0, 0, 0, 0], Action: 1, Reward: 0, Next State: [0, 0, 0, 0]
2024-07-03 04:10:34,219 - State: [0, 0, 0, 0], Action: 1, Reward: 0, Next State: [0, 0, 0, 0]
2024-07-03 04:10:34,263 - State: [0, 0, 0, 0], Action: 1, Reward: 0, Next State: [0, 0, 0, 0]
2024-07-03 04:10:34,324 - State: [0, 0, 0, 0], Action: 1, Reward: 0, Next State: [0, 0, 0, 0]
2024-07-03 04:10:34,367 - State: [0, 0, 0, 0], Action: 1, Reward: 0, Next State: [0, 0, 0, 0]
2024-07-03 04:10:34,409 - State: [0, 0, 0, 0], Action: 1, Reward: 0, Next State: [0, 0, 0, 0]
2024-07-03 04:10:34,456 - State: [0, 0, 0, 0], Action: 1, Reward: 0, Next State: [0, 0, 0, 0]
2024-07-03 04:10:34,497 - State: [0, 0, 0, 0], Action: 1, Reward: 0, Next State: [0, 0, 0, 0]
2024-07-03 04:10:34,538 - State: [0, 0, 0, 0], Action: 1, Reward: 0, Next State: [0, 0, 0, 0]
2024-07-03 04:10:34,586 - State: [0, 0, 0, 0], Action: 1, Reward: 0, Next State: [0, 0, 0, 0]
2024-07-03 04:10:34,632 - State: [0, 0, 0, 0], Action: 1, Reward: 0, Next State: [0, 0, 0, 0]
2024-07-03 04:10:34,673 - State: [0, 0, 0, 0], Action: 1, Reward: 0, Next State: [0, 0, 0, 0]
2024-07-03 04:10:34,712 - State: [0, 0, 0, 0], Action: 1, Reward: 0, Next State: [0, 0, 0, 0]
2024-07-03 04:10:34,753 - State: [0, 0, 0, 0], Action: 1, Reward: 0, Next State: [0, 0, 0, 0]
2024-07-03 04:10:35,145 - State: [0, 0, 0, 0], Action: 1, Reward: 0, Next State: [0, 0, 0, 0]
2024-07-03 04:10:35,230 - State: [0, 0, 0, 0], Action: 1, Reward: 0, Next State: [0, 0, 0, 0]
2024-07-03 04:10:35,308 - State: [0, 0, 0, 0], Action: 1, Reward: 0, Next State: [0, 0, 0, 0]
2024-07-03 04:10:35,359 - State: [0, 0, 0, 0], Action: 1, Reward: 0, Next State: [0, 0, 0, 0]
2024-07-03 04:10:35,407 - State: [0, 0, 0, 0], Action: 1, Reward: 0, Next State: [0, 0, 0, 0]
2024-07-03 04:10:35,467 - State: [0, 0, 0, 0], Action: 1, Reward: 0, Next State: [0, 0, 0, 0]
2024-07-03 04:10:35,512 - State: [0, 0, 0, 0], Action: 1, Reward: 0, Next State: [0, 0, 0, 0]
2024-07-03 04:10:35,556 - State: [0, 0, 0, 0], Action: 1, Reward: 0, Next State: [0, 0, 0, 0]
2024-07-03 04:10:37,394 - State: [0, 0, 0, 0], Action: 1, Reward: 0, Next State: [0, 0, 0, 0]
2024-07-03 04:10:37,462 - State: [0, 0, 0, 0], Action: 1, Reward: 0, Next State: [0, 0, 0, 0]
2024-07-03 04:10:37,525 - State: [0, 0, 0, 0], Action: 1, Reward: 0, Next State: [0, 0, 0, 0]
2024-07-03 04:10:37,565 - State: [0, 0, 0, 0], Action: 1, Reward: 0, Next State: [0, 0, 0, 0]
2024-07-03 04:10:37,602 - State: [0, 0, 0, 0], Action: 1, Reward: 0, Next State: [0, 0, 0, 0]
2024-07-03 04:10:37,642 - State: [0, 0, 0, 0], Action: 1, Reward: 0, Next State: [0, 0, 0, 0]
2024-07-03 04:10:37,678 - State: [0, 0, 0, 0], Action: 1, Reward: 0, Next State: [0, 0, 0, 0]
2024-07-03 04:10:37,715 - State: [0, 0, 0, 0], Action: 1, Reward: 0, Next State: [0, 0, 0, 0]
